9/5/2022 3:05:47 PM	This log contains information about the import schema operation into project 'AdminDB' on computer 'DESKTOP-EDCK7MP' by user 'Lucija'.
9/5/2022 3:05:47 PM	Import of database schema has started.
9/5/2022 3:05:52 PM	Gathering database credentials
9/5/2022 3:05:52 PM	Gathering database options
9/5/2022 3:05:52 PM	Gathering generic database scoped configuration option
9/5/2022 3:05:52 PM	Gathering users
9/5/2022 3:05:52 PM	Gathering roles
9/5/2022 3:05:52 PM	Gathering application roles
9/5/2022 3:05:52 PM	Gathering role memberships
9/5/2022 3:05:52 PM	Gathering filegroups
9/5/2022 3:05:52 PM	Gathering full-text catalogs
9/5/2022 3:05:52 PM	Gathering assemblies
9/5/2022 3:05:52 PM	Gathering certificates
9/5/2022 3:05:52 PM	Gathering asymmetric keys
9/5/2022 3:05:52 PM	Gathering symmetric keys
9/5/2022 3:05:52 PM	Gathering encrypted symmetric keys
9/5/2022 3:05:52 PM	Gathering schemas
9/5/2022 3:05:52 PM	Gathering XML schema collections
9/5/2022 3:05:52 PM	Gathering user-defined data types
9/5/2022 3:05:52 PM	Gathering user-defined types
9/5/2022 3:05:52 PM	Gathering table types
9/5/2022 3:05:52 PM	Gathering unique keys for table types
9/5/2022 3:05:52 PM	Gathering primary keys for table types
9/5/2022 3:05:52 PM	Gathering indexes for table types
9/5/2022 3:05:52 PM	Gathering check constraints for table types
9/5/2022 3:05:52 PM	Gathering default constraints for table types
9/5/2022 3:05:52 PM	Gathering partition functions
9/5/2022 3:05:52 PM	Gathering partition schemes
9/5/2022 3:05:52 PM	Gathering functions
9/5/2022 3:05:53 PM	Gathering encrypted functions
9/5/2022 3:05:53 PM	Gathering aggregates
9/5/2022 3:05:53 PM	Gathering procedures
9/5/2022 3:05:53 PM	Gathering encrypted procedures
9/5/2022 3:05:53 PM	Gathering tables
9/5/2022 3:05:53 PM	Gathering primary keys
9/5/2022 3:05:53 PM	Gathering unique constraints
9/5/2022 3:05:53 PM	Gathering foreign keys
9/5/2022 3:05:53 PM	Gathering default constraints
9/5/2022 3:05:53 PM	Gathering check constraints
9/5/2022 3:05:53 PM	Gathering views
9/5/2022 3:05:53 PM	Gathering encrypted views
9/5/2022 3:05:53 PM	Gathering indexes
9/5/2022 3:05:53 PM	Gathering statistics
9/5/2022 3:05:53 PM	Gathering full-text index stoplists
9/5/2022 3:05:53 PM	Gathering search property lists
9/5/2022 3:05:53 PM	Gathering search properties
9/5/2022 3:05:53 PM	Gathering full-text indexes
9/5/2022 3:05:53 PM	Gathering column store indexes
9/5/2022 3:05:53 PM	Gathering spatial indexes
9/5/2022 3:05:53 PM	Gathering XML indexes
9/5/2022 3:05:53 PM	Gathering Selective XML indexes
9/5/2022 3:05:53 PM	Gathering encrypted triggers
9/5/2022 3:05:53 PM	Gathering triggers
9/5/2022 3:05:53 PM	Gathering encrypted and clr ddl triggers
9/5/2022 3:05:53 PM	Gathering ddl triggers
9/5/2022 3:05:53 PM	Creating edge constraints
9/5/2022 3:05:53 PM	Gathering synonyms
9/5/2022 3:05:53 PM	Gathering defaults
9/5/2022 3:05:53 PM	Gathering data constraint uddt bindings
9/5/2022 3:05:53 PM	Gathering rules
9/5/2022 3:05:53 PM	Gathering data constraint uddt bindings
9/5/2022 3:05:53 PM	Gathering message types
9/5/2022 3:05:53 PM	Gathering queues
9/5/2022 3:05:53 PM	Gathering contracts
9/5/2022 3:05:53 PM	Gathering services
9/5/2022 3:05:53 PM	Gathering event notifications
9/5/2022 3:05:53 PM	Gathering remote service bindings
9/5/2022 3:05:53 PM	Gathering broker priorities
9/5/2022 3:05:53 PM	Gathering signatures
9/5/2022 3:05:53 PM	Gathering data compression options
9/5/2022 3:05:53 PM	Gathering sequence types
9/5/2022 3:05:53 PM	Gathering security policies
9/5/2022 3:05:53 PM	Gather column encryption keys
9/5/2022 3:05:53 PM	Gathering column master keys
9/5/2022 3:05:53 PM	Gathering external data sources
9/5/2022 3:05:53 PM	Gathering external file formats
9/5/2022 3:05:53 PM	Gathering external tables
9/5/2022 3:05:53 PM	Gathering extended properties
9/5/2022 3:05:53 PM	Gathering assemblies
9/5/2022 3:05:53 PM	Gathering credentials
9/5/2022 3:05:53 PM	Gathering logins
9/5/2022 3:05:53 PM	Gathering server audits
9/5/2022 3:05:53 PM	Scanning project for duplicate elements
9/5/2022 3:05:53 PM	Finished duplicate element processing
9/5/2022 3:05:54 PM	Finished importing database.
9/5/2022 3:05:54 PM	A summary of the import was saved to the following location: C:\Users\Lucija\Desktop\Mentoriranje\AppSolution\DBProjects\AdminDB\Import Schema Logs\AdminDB_20220905010547.log
9/5/2022 3:05:54 PM	Click Finish to continue...
